<?xml version="1.0" encoding="UTF-8"?>
<testsuite name="specs.LoginPageSpec" tests="1" skipped="0" failures="0" errors="0" timestamp="2017-02-28T22:28:57" hostname="PRINHYLTPAP1022.local" time="39.819">
  <properties/>
  <testcase name="perform login operation" classname="specs.LoginPageSpec" time="39.819"/>
  <system-out><![CDATA[]]></system-out>
  <system-err><![CDATA[]]></system-err>
</testsuite>
